<?xml version="1.0" encoding="utf-8" standalone="no"?>
<!--This file represents the results of running a test suite-->
<test-results name="C:\Users\Haplo\Desktop\Info\Csharp\DForm\DForm.Tests\bin\Debug\DForm.Tests.dll" total="6" errors="0" failures="1" not-run="0" inconclusive="0" ignored="0" skipped="0" invalid="0" date="2015-07-23" time="13:05:54">
  <environment nunit-version="2.6.4.14350" clr-version="4.0.30319.34209" os-version="Microsoft Windows NT 6.1.7601 Service Pack 1" platform="Win32NT" cwd="C:\Users\Haplo\Desktop\Info\Csharp\DForm\DForm.Tests\bin\Debug" machine-name="HAPLO-PC" user="Haplo" user-domain="Haplo-PC" />
  <culture-info current-culture="fr-FR" current-uiculture="fr-FR" />
  <test-suite type="Assembly" name="C:\Users\Haplo\Desktop\Info\Csharp\DForm\DForm.Tests\bin\Debug\DForm.Tests.dll" executed="True" result="Failure" success="False" time="0.548" asserts="0">
    <results>
      <test-suite type="Namespace" name="DForm" executed="True" result="Failure" success="False" time="0.535" asserts="0">
        <results>
          <test-suite type="Namespace" name="Tests" executed="True" result="Failure" success="False" time="0.535" asserts="0">
            <results>
              <test-suite type="TestFixture" name="Tests" executed="True" result="Failure" success="False" time="0.534" asserts="0">
                <results>
                  <test-case name="DForm.Tests.Tests.CreateAnswers" executed="True" result="Success" success="True" time="0.075" asserts="8" />
                  <test-case name="DForm.Tests.Tests.CreateQuestions" executed="True" result="Success" success="True" time="0.010" asserts="9" />
                  <test-case name="DForm.Tests.Tests.LaTotale" executed="True" result="Success" success="True" time="0.072" asserts="7" />
                  <test-case name="DForm.Tests.Tests.Linq" executed="True" result="Success" success="True" time="0.129" asserts="11" />
                  <test-case name="DForm.Tests.Tests.SerializableObject" executed="True" result="Success" success="True" time="0.006" asserts="11" />
                  <test-case name="DForm.Tests.Tests.Xml" executed="True" result="Failure" success="False" time="0.205" asserts="2">
                    <failure>
                      <message><![CDATA[  Expected: True
  But was:  False
]]></message>
                      <stack-trace><![CDATA[à DForm.Tests.Tests.Xml() dans c:\Users\Haplo\Desktop\Info\Csharp\DForm\DForm.Tests\Tests.cs:ligne 274
]]></stack-trace>
                    </failure>
                  </test-case>
                </results>
              </test-suite>
            </results>
          </test-suite>
        </results>
      </test-suite>
    </results>
  </test-suite>
</test-results>